<?xml version="1.0" encoding="UTF-8"?>
<testng-results ignored="0" total="9" passed="9" failed="0" skipped="0">
  <reporter-output>
  </reporter-output>
  <suite started-at="2024-12-10T17:45:16 IST" name="Default suite" finished-at="2024-12-10T17:47:10 IST" duration-ms="114130">
    <groups>
    </groups>
    <test started-at="2024-12-10T17:45:16 IST" name="Default test" finished-at="2024-12-10T17:47:10 IST" duration-ms="114130">
      <class name="Helix.Helix.Homepage">
        <test-method is-config="true" signature="openbrowser()[pri:0, instance:Helix.Helix.Homepage@7ce69770]" started-at="2024-12-10T17:45:16 IST" name="openbrowser" finished-at="2024-12-10T17:45:22 IST" duration-ms="6169" status="PASS">
          <reporter-output>
          </reporter-output>
        </test-method> <!-- openbrowser -->
        <test-method signature="TC_01()[pri:0, instance:Helix.Helix.Homepage@7ce69770]" started-at="2024-12-10T17:45:22 IST" name="TC_01" finished-at="2024-12-10T17:45:23 IST" duration-ms="946" status="PASS">
          <reporter-output>
          </reporter-output>
        </test-method> <!-- TC_01 -->
        <test-method signature="TC_02()[pri:0, instance:Helix.Helix.Homepage@7ce69770]" started-at="2024-12-10T17:45:23 IST" name="TC_02" finished-at="2024-12-10T17:45:26 IST" duration-ms="2853" status="PASS">
          <reporter-output>
          </reporter-output>
        </test-method> <!-- TC_02 -->
        <test-method signature="TC_03()[pri:0, instance:Helix.Helix.Homepage@7ce69770]" started-at="2024-12-10T17:45:26 IST" name="TC_03" finished-at="2024-12-10T17:45:56 IST" duration-ms="30156" status="PASS">
          <reporter-output>
          </reporter-output>
        </test-method> <!-- TC_03 -->
        <test-method signature="TC_04()[pri:0, instance:Helix.Helix.Homepage@7ce69770]" started-at="2024-12-10T17:45:56 IST" name="TC_04" finished-at="2024-12-10T17:46:24 IST" duration-ms="28433" status="PASS">
          <reporter-output>
          </reporter-output>
        </test-method> <!-- TC_04 -->
        <test-method signature="TC_05()[pri:0, instance:Helix.Helix.Homepage@7ce69770]" started-at="2024-12-10T17:46:24 IST" name="TC_05" finished-at="2024-12-10T17:46:25 IST" duration-ms="997" status="PASS">
          <reporter-output>
          </reporter-output>
        </test-method> <!-- TC_05 -->
        <test-method signature="TC_06()[pri:0, instance:Helix.Helix.Homepage@7ce69770]" started-at="2024-12-10T17:46:25 IST" name="TC_06" finished-at="2024-12-10T17:46:26 IST" duration-ms="965" status="PASS">
          <reporter-output>
          </reporter-output>
        </test-method> <!-- TC_06 -->
        <test-method signature="TC_07()[pri:0, instance:Helix.Helix.Homepage@7ce69770]" started-at="2024-12-10T17:46:26 IST" name="TC_07" finished-at="2024-12-10T17:47:05 IST" duration-ms="38297" status="PASS">
          <reporter-output>
          </reporter-output>
        </test-method> <!-- TC_07 -->
        <test-method signature="TC_08()[pri:0, instance:Helix.Helix.Homepage@7ce69770]" started-at="2024-12-10T17:47:05 IST" name="TC_08" finished-at="2024-12-10T17:47:06 IST" duration-ms="1579" status="PASS">
          <reporter-output>
          </reporter-output>
        </test-method> <!-- TC_08 -->
        <test-method signature="TC_09()[pri:0, instance:Helix.Helix.Homepage@7ce69770]" started-at="2024-12-10T17:47:06 IST" name="TC_09" finished-at="2024-12-10T17:47:09 IST" duration-ms="2776" status="PASS">
          <reporter-output>
          </reporter-output>
        </test-method> <!-- TC_09 -->
        <test-method is-config="true" signature="closeBrowser()[pri:0, instance:Helix.Helix.Homepage@7ce69770]" started-at="2024-12-10T17:47:09 IST" name="closeBrowser" finished-at="2024-12-10T17:47:10 IST" duration-ms="889" status="PASS">
          <reporter-output>
          </reporter-output>
        </test-method> <!-- closeBrowser -->
      </class> <!-- Helix.Helix.Homepage -->
    </test> <!-- Default test -->
  </suite> <!-- Default suite -->
</testng-results>
