<?xml version="1.0" encoding="UTF-8"?>
<!-- Generated by org.testng.reporters.JUnitXMLReporter -->
<testsuite ignored="0" hostname="DESKTOP-0INDAG6" failures="0" tests="9" name="Default test" time="114.13" errors="0" timestamp="2024-12-10T17:47:10 IST">
  <testcase classname="Helix.Helix.Homepage" name="TC_01" time="0.946"/>
  <testcase classname="Helix.Helix.Homepage" name="TC_02" time="2.853"/>
  <testcase classname="Helix.Helix.Homepage" name="TC_03" time="30.156"/>
  <testcase classname="Helix.Helix.Homepage" name="TC_04" time="28.433"/>
  <testcase classname="Helix.Helix.Homepage" name="TC_05" time="0.997"/>
  <testcase classname="Helix.Helix.Homepage" name="TC_06" time="0.965"/>
  <testcase classname="Helix.Helix.Homepage" name="TC_07" time="38.297"/>
  <testcase classname="Helix.Helix.Homepage" name="TC_08" time="1.579"/>
  <testcase classname="Helix.Helix.Homepage" name="TC_09" time="2.776"/>
</testsuite> <!-- Default test -->
